<?xml version="1.0" encoding="UTF-8" standalone="yes"?><!DOCTYPE report PUBLIC "-//JACOCO//DTD Report 1.1//EN" "report.dtd"><report name="OpenWMS.org CORE: Units"><sessioninfo id="MacBookPro.skynet-4d4e96fd" start="1733305790478" dump="1733305791830"/><sessioninfo id="MacBookPro.skynet-974abf60" start="1733306636832" dump="1733306638494"/><sessioninfo id="MacBookPro.skynet-18af4708" start="1733306937703" dump="1733306939119"/><sessioninfo id="MacBookPro.skynet-ab0262f5" start="1733307009574" dump="1733307010954"/></report>