<?xml version="1.0" encoding="UTF-8" standalone="yes"?><!DOCTYPE report PUBLIC "-//JACOCO//DTD Report 1.1//EN" "report.dtd"><report name="OpenWMS.org CORE: Units"><sessioninfo id="MacBookPro.skynet-c50b3315" start="1733304877541" dump="1733304878955"/><sessioninfo id="MacBookPro.skynet-d232c8a9" start="1733305119084" dump="1733305120479"/><sessioninfo id="MacBookPro.skynet-6775669d" start="1733305205625" dump="1733305206980"/><sessioninfo id="MacBookPro.skynet-54fcec94" start="1733305278808" dump="1733305280183"/></report>